<testsuites id="" name="" tests="1" failures="0" skipped="0" errors="0" time="5.402262">
<testsuite name="real-server-ui.spec.ts" timestamp="2026-05-21T15:50:48.724Z" hostname="chromium-ci-safe" tests="1" failures="0" skipped="0" time="1.556" errors="0">
<testcase name="@parity browser-led API/MCP parity probes share one real server fixture" classname="real-server-ui.spec.ts" time="1.556">
<system-out>
<![CDATA[
[[ATTACHMENT|../test-output/real-server-ui--parity-bro-7ff5c-are-one-real-server-fixture-chromium-ci-safe/test-finished-1.png]]

[[ATTACHMENT|../test-output/real-server-ui--parity-bro-7ff5c-are-one-real-server-fixture-chromium-ci-safe/trace.zip]]
]]>
</system-out>
</testcase>
</testsuite>
</testsuites>