<testsuites id="" name="" tests="9" failures="0" skipped="0" errors="0" time="6.881561">
<testsuite name="azrct-audit-zh-repair.regression.spec.ts" timestamp="2026-05-16T15:29:41.118Z" hostname="chromium-ci-safe" tests="7" failures="0" skipped="0" time="2.139" errors="0">
<testcase name="AZRCT audit and zh repair regression coverage › F1/P2 compact route chrome: closed menu has no persistent TODAY/SOURCE LEDGER/T/SL route controls" classname="azrct-audit-zh-repair.regression.spec.ts" time="0.374">
</testcase>
<testcase name="AZRCT audit and zh repair regression coverage › F2 Source Ledger header action block aligns last_ingest with RUN INGEST" classname="azrct-audit-zh-repair.regression.spec.ts" time="0.249">
</testcase>
<testcase name="AZRCT audit and zh repair regression coverage › P1 OPML import updates sources/receipt only and does not call runIngest" classname="azrct-audit-zh-repair.regression.spec.ts" time="0.348">
</testcase>
<testcase name="AZRCT audit and zh repair regression coverage › P2 copy: steer/search preview and receipts do not render architecture-boundary slogans" classname="azrct-audit-zh-repair.regression.spec.ts" time="0.222">
</testcase>
<testcase name="AZRCT audit and zh repair regression coverage › P2 Inspector provenance: model: ok header chrome is replaced by approved trust lines" classname="azrct-audit-zh-repair.regression.spec.ts" time="0.21">
</testcase>
<testcase name="AZRCT audit and zh repair regression coverage › zh UI parity: html lang, LANG/reprocess/status/receipts/steer preview localize" classname="azrct-audit-zh-repair.regression.spec.ts" time="0.473">
</testcase>
<testcase name="AZRCT audit and zh repair regression coverage › zh Inspector chrome localizes while source identifiers stay translate=no and unchanged" classname="azrct-audit-zh-repair.regression.spec.ts" time="0.263">
</testcase>
</testsuite>
<testsuite name="processing-language-source-split-scroll.spec.ts" timestamp="2026-05-16T15:29:41.118Z" hostname="chromium-ci-safe" tests="2" failures="0" skipped="0" time="0.702" errors="0">
<testcase name="browser proves source identifiers are non-translatable and desktop panes split scroll independently" classname="processing-language-source-split-scroll.spec.ts" time="0.368">
<system-out>
<![CDATA[
[[ATTACHMENT|../test-output/processing-language-source-cdf49--split-scroll-independently-chromium-ci-safe/attachments/desktop-split-scroll-png-ec1c41b8c8eb768c0a61d8c1d3cf7208260ee46f.png]]

[[ATTACHMENT|../test-output/processing-language-source-cdf49--split-scroll-independently-chromium-ci-safe/attachments/desktop-split-scroll-aria-txt-b6713ec39161dbb1e0524efc83438695940e5c32.txt]]
]]>
</system-out>
</testcase>
<testcase name="browser keeps mobile full-screen Inspector route and restores feed scroll after back" classname="processing-language-source-split-scroll.spec.ts" time="0.334">
<system-out>
<![CDATA[
[[ATTACHMENT|../test-output/processing-language-source-8ee5a-ores-feed-scroll-after-back-chromium-ci-safe/attachments/mobile-inspector-route-png-bbd77102eb5c35ae91b20886747a690a63781dba.png]]

[[ATTACHMENT|../test-output/processing-language-source-8ee5a-ores-feed-scroll-after-back-chromium-ci-safe/attachments/mobile-inspector-route-aria-txt-16ea6a6a72afa106d92a551e56f09449dc9a4f5f.txt]]

[[ATTACHMENT|../test-output/processing-language-source-8ee5a-ores-feed-scroll-after-back-chromium-ci-safe/attachments/mobile-feed-restored-png-31d27fe6728cede65b714537ba8fe720949f24ac.png]]

[[ATTACHMENT|../test-output/processing-language-source-8ee5a-ores-feed-scroll-after-back-chromium-ci-safe/attachments/mobile-feed-restored-aria-txt-b1a361a848ce13c2a118575324a76ded3089a93a.txt]]
]]>
</system-out>
</testcase>
</testsuite>
</testsuites>